<?xml version="1.0" encoding="UTF-8"?>
<!-- Generated by org.testng.reporters.JUnitReportReporter -->
<testsuite hostname="Owner-PC" name="sjcswank.com.guthub.seleniumTests.NewMaterialTests" tests="9" failures="1" timestamp="29 May 2019 21:39:46 GMT" time="166.718" errors="0">
  <testcase name="newMaterial" time="24.409" classname="sjcswank.com.guthub.seleniumTests.NewMaterialTests"/>
  <testcase name="newMaterial" time="16.273" classname="sjcswank.com.guthub.seleniumTests.NewMaterialTests"/>
  <testcase name="cancelTest" time="14.240" classname="sjcswank.com.guthub.seleniumTests.NewMaterialTests"/>
  <testcase name="newMaterial" time="24.196" classname="sjcswank.com.guthub.seleniumTests.NewMaterialTests"/>
  <testcase name="newMaterial" time="24.988" classname="sjcswank.com.guthub.seleniumTests.NewMaterialTests">
    <failure type="java.lang.AssertionError" message="expected [Item Name is Required] but found [Quantity is Required]">
      <![CDATA[java.lang.AssertionError: expected [Item Name is Required] but found [Quantity is Required]
	at org.testng.Assert.fail(Assert.java:94)
	at org.testng.Assert.failNotEquals(Assert.java:513)
	at org.testng.Assert.assertEqualsImpl(Assert.java:135)
	at org.testng.Assert.assertEquals(Assert.java:116)
	at org.testng.Assert.assertEquals(Assert.java:190)
	at org.testng.Assert.assertEquals(Assert.java:200)
	at sjcswank.com.guthub.seleniumTests.NewMaterialTests.newMaterial(NewMaterialTests.java:62)
	at sun.reflect.NativeMethodAccessorImpl.invoke0(Native Method)
	at sun.reflect.NativeMethodAccessorImpl.invoke(NativeMethodAccessorImpl.java:62)
	at sun.reflect.DelegatingMethodAccessorImpl.invoke(DelegatingMethodAccessorImpl.java:43)
	at java.lang.reflect.Method.invoke(Method.java:498)
	at org.testng.internal.MethodInvocationHelper.invokeMethod(MethodInvocationHelper.java:86)
	at org.testng.internal.Invoker.invokeMethod(Invoker.java:643)
	at org.testng.internal.Invoker.invokeTestMethod(Invoker.java:820)
	at org.testng.internal.Invoker.invokeTestMethods(Invoker.java:1128)
	at org.testng.internal.TestMethodWorker.invokeTestMethods(TestMethodWorker.java:129)
	at org.testng.internal.TestMethodWorker.run(TestMethodWorker.java:112)
	at org.testng.TestRunner.privateRun(TestRunner.java:782)
	at org.testng.TestRunner.run(TestRunner.java:632)
	at org.testng.SuiteRunner.runTest(SuiteRunner.java:366)
	at org.testng.SuiteRunner.runSequentially(SuiteRunner.java:361)
	at org.testng.SuiteRunner.privateRun(SuiteRunner.java:319)
	at org.testng.SuiteRunner.run(SuiteRunner.java:268)
	at org.testng.SuiteRunnerWorker.runSuite(SuiteRunnerWorker.java:52)
	at org.testng.SuiteRunnerWorker.run(SuiteRunnerWorker.java:86)
	at org.testng.TestNG.runSuitesSequentially(TestNG.java:1244)
	at org.testng.TestNG.runSuitesLocally(TestNG.java:1169)
	at org.testng.TestNG.run(TestNG.java:1064)
	at org.testng.remote.AbstractRemoteTestNG.run(AbstractRemoteTestNG.java:114)
	at org.testng.remote.RemoteTestNG.initAndRun(RemoteTestNG.java:251)
	at org.testng.remote.RemoteTestNG.main(RemoteTestNG.java:77)
]]>
    </failure>
  </testcase> <!-- newMaterial -->
  <testcase name="newMaterial" time="15.592" classname="sjcswank.com.guthub.seleniumTests.NewMaterialTests"/>
  <testcase name="newMaterial" time="16.344" classname="sjcswank.com.guthub.seleniumTests.NewMaterialTests"/>
  <testcase name="newMaterial" time="15.434" classname="sjcswank.com.guthub.seleniumTests.NewMaterialTests"/>
  <testcase name="newMaterial" time="15.242" classname="sjcswank.com.guthub.seleniumTests.NewMaterialTests"/>
</testsuite> <!-- sjcswank.com.guthub.seleniumTests.NewMaterialTests -->
